::1 - - [16/Aug/2019:12:35:57 +0000] "GET / HTTP/1.1" 304 - "http://localhost:3000/item/5d5531911ab79a27f46137f7/" "Mozilla/5.0 (Windows NT 10.0; Win64; x64) AppleWebKit/537.36 (KHTML, like Gecko) Chrome/76.0.3809.100 Safari/537.36"
::1 - - [16/Aug/2019:12:35:57 +0000] "GET /css/bootstrap.css HTTP/1.1" 304 - "http://localhost:3000/" "Mozilla/5.0 (Windows NT 10.0; Win64; x64) AppleWebKit/537.36 (KHTML, like Gecko) Chrome/76.0.3809.100 Safari/537.36"
::1 - - [16/Aug/2019:12:35:57 +0000] "GET /css/style.css HTTP/1.1" 304 - "http://localhost:3000/" "Mozilla/5.0 (Windows NT 10.0; Win64; x64) AppleWebKit/537.36 (KHTML, like Gecko) Chrome/76.0.3809.100 Safari/537.36"
::1 - - [16/Aug/2019:12:35:57 +0000] "GET /css/memenu.css HTTP/1.1" 304 - "http://localhost:3000/" "Mozilla/5.0 (Windows NT 10.0; Win64; x64) AppleWebKit/537.36 (KHTML, like Gecko) Chrome/76.0.3809.100 Safari/537.36"
::1 - - [16/Aug/2019:12:35:57 +0000] "GET /js/jquery-1.11.0.min.js HTTP/1.1" 304 - "http://localhost:3000/" "Mozilla/5.0 (Windows NT 10.0; Win64; x64) AppleWebKit/537.36 (KHTML, like Gecko) Chrome/76.0.3809.100 Safari/537.36"
::1 - - [16/Aug/2019:12:35:57 +0000] "GET /js/simpleCart.min.js HTTP/1.1" 304 - "http://localhost:3000/" "Mozilla/5.0 (Windows NT 10.0; Win64; x64) AppleWebKit/537.36 (KHTML, like Gecko) Chrome/76.0.3809.100 Safari/537.36"
::1 - - [16/Aug/2019:12:35:57 +0000] "GET /js/memenu.js HTTP/1.1" 304 - "http://localhost:3000/" "Mozilla/5.0 (Windows NT 10.0; Win64; x64) AppleWebKit/537.36 (KHTML, like Gecko) Chrome/76.0.3809.100 Safari/537.36"
::1 - - [16/Aug/2019:12:35:57 +0000] "GET /js/jquery.easydropdown.js HTTP/1.1" 304 - "http://localhost:3000/" "Mozilla/5.0 (Windows NT 10.0; Win64; x64) AppleWebKit/537.36 (KHTML, like Gecko) Chrome/76.0.3809.100 Safari/537.36"
::1 - - [16/Aug/2019:12:35:57 +0000] "GET /images/cart-1.png HTTP/1.1" 304 - "http://localhost:3000/" "Mozilla/5.0 (Windows NT 10.0; Win64; x64) AppleWebKit/537.36 (KHTML, like Gecko) Chrome/76.0.3809.100 Safari/537.36"
::1 - - [16/Aug/2019:12:35:57 +0000] "GET /images/bnr-1.jpg HTTP/1.1" 304 - "http://localhost:3000/" "Mozilla/5.0 (Windows NT 10.0; Win64; x64) AppleWebKit/537.36 (KHTML, like Gecko) Chrome/76.0.3809.100 Safari/537.36"
::1 - - [16/Aug/2019:12:35:57 +0000] "GET /js/responsiveslides.min.js HTTP/1.1" 304 - "http://localhost:3000/" "Mozilla/5.0 (Windows NT 10.0; Win64; x64) AppleWebKit/537.36 (KHTML, like Gecko) Chrome/76.0.3809.100 Safari/537.36"
::1 - - [16/Aug/2019:12:35:57 +0000] "GET /images/bnr-2.jpg HTTP/1.1" 304 - "http://localhost:3000/" "Mozilla/5.0 (Windows NT 10.0; Win64; x64) AppleWebKit/537.36 (KHTML, like Gecko) Chrome/76.0.3809.100 Safari/537.36"
::1 - - [16/Aug/2019:12:35:57 +0000] "GET /images/bnr-3.jpg HTTP/1.1" 304 - "http://localhost:3000/" "Mozilla/5.0 (Windows NT 10.0; Win64; x64) AppleWebKit/537.36 (KHTML, like Gecko) Chrome/76.0.3809.100 Safari/537.36"
::1 - - [16/Aug/2019:12:35:57 +0000] "GET /images/abt-1.jpg HTTP/1.1" 304 - "http://localhost:3000/" "Mozilla/5.0 (Windows NT 10.0; Win64; x64) AppleWebKit/537.36 (KHTML, like Gecko) Chrome/76.0.3809.100 Safari/537.36"
::1 - - [16/Aug/2019:12:35:57 +0000] "GET /images/339a3e39-618f-477a-b554-621c1302b44a-ceas2.jpg HTTP/1.1" 304 - "http://localhost:3000/" "Mozilla/5.0 (Windows NT 10.0; Win64; x64) AppleWebKit/537.36 (KHTML, like Gecko) Chrome/76.0.3809.100 Safari/537.36"
::1 - - [16/Aug/2019:12:35:57 +0000] "GET /images/abt-2.jpg HTTP/1.1" 304 - "http://localhost:3000/" "Mozilla/5.0 (Windows NT 10.0; Win64; x64) AppleWebKit/537.36 (KHTML, like Gecko) Chrome/76.0.3809.100 Safari/537.36"
::1 - - [16/Aug/2019:12:35:57 +0000] "GET /images/abt-3.jpg HTTP/1.1" 304 - "http://localhost:3000/" "Mozilla/5.0 (Windows NT 10.0; Win64; x64) AppleWebKit/537.36 (KHTML, like Gecko) Chrome/76.0.3809.100 Safari/537.36"
::1 - - [16/Aug/2019:12:35:57 +0000] "GET /images/1d4335ee-f9d0-4174-901c-1ec21776a9eb-ceas3.jpg HTTP/1.1" 304 - "http://localhost:3000/" "Mozilla/5.0 (Windows NT 10.0; Win64; x64) AppleWebKit/537.36 (KHTML, like Gecko) Chrome/76.0.3809.100 Safari/537.36"
::1 - - [16/Aug/2019:12:35:57 +0000] "GET /images/01a8fa76-7635-435f-8b37-0f1c0bae5e38-ceas4.jpg HTTP/1.1" 304 - "http://localhost:3000/" "Mozilla/5.0 (Windows NT 10.0; Win64; x64) AppleWebKit/537.36 (KHTML, like Gecko) Chrome/76.0.3809.100 Safari/537.36"
::1 - - [16/Aug/2019:12:35:57 +0000] "GET /images/769fc11f-9b76-407f-ac73-1514e4ac0fe7-ceas5.jpg HTTP/1.1" 304 - "http://localhost:3000/" "Mozilla/5.0 (Windows NT 10.0; Win64; x64) AppleWebKit/537.36 (KHTML, like Gecko) Chrome/76.0.3809.100 Safari/537.36"
::1 - - [16/Aug/2019:12:35:57 +0000] "GET /images/cart-2.png HTTP/1.1" 304 - "http://localhost:3000/css/style.css" "Mozilla/5.0 (Windows NT 10.0; Win64; x64) AppleWebKit/537.36 (KHTML, like Gecko) Chrome/76.0.3809.100 Safari/537.36"
::1 - - [16/Aug/2019:12:35:57 +0000] "GET /images/s-icons.png HTTP/1.1" 304 - "http://localhost:3000/css/style.css" "Mozilla/5.0 (Windows NT 10.0; Win64; x64) AppleWebKit/537.36 (KHTML, like Gecko) Chrome/76.0.3809.100 Safari/537.36"
::1 - - [16/Aug/2019:12:35:57 +0000] "GET /images/arrow.png HTTP/1.1" 304 - "http://localhost:3000/css/style.css" "Mozilla/5.0 (Windows NT 10.0; Win64; x64) AppleWebKit/537.36 (KHTML, like Gecko) Chrome/76.0.3809.100 Safari/537.36"
::1 - - [16/Aug/2019:12:35:57 +0000] "GET /fonts/Lato-Regular.ttf HTTP/1.1" 304 - "http://localhost:3000/css/style.css" "Mozilla/5.0 (Windows NT 10.0; Win64; x64) AppleWebKit/537.36 (KHTML, like Gecko) Chrome/76.0.3809.100 Safari/537.36"
::1 - - [16/Aug/2019:12:35:57 +0000] "GET /fonts/Lora-Regular.ttf HTTP/1.1" 304 - "http://localhost:3000/css/style.css" "Mozilla/5.0 (Windows NT 10.0; Win64; x64) AppleWebKit/537.36 (KHTML, like Gecko) Chrome/76.0.3809.100 Safari/537.36"
::1 - - [16/Aug/2019:12:35:57 +0000] "GET /fonts/BreeSerif-Regular.ttf HTTP/1.1" 304 - "http://localhost:3000/css/style.css" "Mozilla/5.0 (Windows NT 10.0; Win64; x64) AppleWebKit/537.36 (KHTML, like Gecko) Chrome/76.0.3809.100 Safari/537.36"
::1 - - [16/Aug/2019:12:35:57 +0000] "GET /favicon.ico HTTP/1.1" 304 - "http://localhost:3000/" "Mozilla/5.0 (Windows NT 10.0; Win64; x64) AppleWebKit/537.36 (KHTML, like Gecko) Chrome/76.0.3809.100 Safari/537.36"
::1 - - [16/Aug/2019:12:35:57 +0000] "GET /css/bootstrap.css.map HTTP/1.1" 304 - "-" "Mozilla/5.0 (Windows NT 10.0; Win64; x64) AppleWebKit/537.36 (KHTML, like Gecko) Chrome/76.0.3809.100 Safari/537.36"
::1 - - [16/Aug/2019:12:38:33 +0000] "GET /typo/?page=1 HTTP/1.1" 304 - "http://localhost:3000/" "Mozilla/5.0 (Windows NT 10.0; Win64; x64) AppleWebKit/537.36 (KHTML, like Gecko) Chrome/76.0.3809.100 Safari/537.36"
::1 - - [16/Aug/2019:12:38:33 +0000] "GET /typo/css/bootstrap.css HTTP/1.1" 304 - "http://localhost:3000/typo/?page=1" "Mozilla/5.0 (Windows NT 10.0; Win64; x64) AppleWebKit/537.36 (KHTML, like Gecko) Chrome/76.0.3809.100 Safari/537.36"
::1 - - [16/Aug/2019:12:38:33 +0000] "GET /typo/css/style.css HTTP/1.1" 304 - "http://localhost:3000/typo/?page=1" "Mozilla/5.0 (Windows NT 10.0; Win64; x64) AppleWebKit/537.36 (KHTML, like Gecko) Chrome/76.0.3809.100 Safari/537.36"
::1 - - [16/Aug/2019:12:38:33 +0000] "GET /typo/css/memenu.css HTTP/1.1" 304 - "http://localhost:3000/typo/?page=1" "Mozilla/5.0 (Windows NT 10.0; Win64; x64) AppleWebKit/537.36 (KHTML, like Gecko) Chrome/76.0.3809.100 Safari/537.36"
::1 - - [16/Aug/2019:12:38:33 +0000] "GET /typo/js/jquery-1.11.0.min.js HTTP/1.1" 304 - "http://localhost:3000/typo/?page=1" "Mozilla/5.0 (Windows NT 10.0; Win64; x64) AppleWebKit/537.36 (KHTML, like Gecko) Chrome/76.0.3809.100 Safari/537.36"
::1 - - [16/Aug/2019:12:38:33 +0000] "GET /typo/js/simpleCart.min.js HTTP/1.1" 304 - "http://localhost:3000/typo/?page=1" "Mozilla/5.0 (Windows NT 10.0; Win64; x64) AppleWebKit/537.36 (KHTML, like Gecko) Chrome/76.0.3809.100 Safari/537.36"
::1 - - [16/Aug/2019:12:38:33 +0000] "GET /typo/js/memenu.js HTTP/1.1" 304 - "http://localhost:3000/typo/?page=1" "Mozilla/5.0 (Windows NT 10.0; Win64; x64) AppleWebKit/537.36 (KHTML, like Gecko) Chrome/76.0.3809.100 Safari/537.36"
::1 - - [16/Aug/2019:12:38:33 +0000] "GET /typo/js/jquery.easydropdown.js HTTP/1.1" 304 - "http://localhost:3000/typo/?page=1" "Mozilla/5.0 (Windows NT 10.0; Win64; x64) AppleWebKit/537.36 (KHTML, like Gecko) Chrome/76.0.3809.100 Safari/537.36"
::1 - - [16/Aug/2019:12:38:33 +0000] "GET /typo/images/cart-1.png HTTP/1.1" 304 - "http://localhost:3000/typo/?page=1" "Mozilla/5.0 (Windows NT 10.0; Win64; x64) AppleWebKit/537.36 (KHTML, like Gecko) Chrome/76.0.3809.100 Safari/537.36"
::1 - - [16/Aug/2019:12:38:33 +0000] "GET /typo/images/339a3e39-618f-477a-b554-621c1302b44a-ceas2.jpg HTTP/1.1" 304 - "http://localhost:3000/typo/?page=1" "Mozilla/5.0 (Windows NT 10.0; Win64; x64) AppleWebKit/537.36 (KHTML, like Gecko) Chrome/76.0.3809.100 Safari/537.36"
::1 - - [16/Aug/2019:12:38:33 +0000] "GET /typo/images/1d4335ee-f9d0-4174-901c-1ec21776a9eb-ceas3.jpg HTTP/1.1" 304 - "http://localhost:3000/typo/?page=1" "Mozilla/5.0 (Windows NT 10.0; Win64; x64) AppleWebKit/537.36 (KHTML, like Gecko) Chrome/76.0.3809.100 Safari/537.36"
::1 - - [16/Aug/2019:12:38:33 +0000] "GET /typo/images/01a8fa76-7635-435f-8b37-0f1c0bae5e38-ceas4.jpg HTTP/1.1" 304 - "http://localhost:3000/typo/?page=1" "Mozilla/5.0 (Windows NT 10.0; Win64; x64) AppleWebKit/537.36 (KHTML, like Gecko) Chrome/76.0.3809.100 Safari/537.36"
::1 - - [16/Aug/2019:12:38:33 +0000] "GET /typo/images/769fc11f-9b76-407f-ac73-1514e4ac0fe7-ceas5.jpg HTTP/1.1" 304 - "http://localhost:3000/typo/?page=1" "Mozilla/5.0 (Windows NT 10.0; Win64; x64) AppleWebKit/537.36 (KHTML, like Gecko) Chrome/76.0.3809.100 Safari/537.36"
::1 - - [16/Aug/2019:12:38:33 +0000] "GET /typo/images/cart-2.png HTTP/1.1" 304 - "http://localhost:3000/typo/css/style.css" "Mozilla/5.0 (Windows NT 10.0; Win64; x64) AppleWebKit/537.36 (KHTML, like Gecko) Chrome/76.0.3809.100 Safari/537.36"
::1 - - [16/Aug/2019:12:38:33 +0000] "GET /typo/images/s-icons.png HTTP/1.1" 304 - "http://localhost:3000/typo/css/style.css" "Mozilla/5.0 (Windows NT 10.0; Win64; x64) AppleWebKit/537.36 (KHTML, like Gecko) Chrome/76.0.3809.100 Safari/537.36"
::1 - - [16/Aug/2019:12:38:33 +0000] "GET /typo/fonts/Lato-Regular.ttf HTTP/1.1" 304 - "http://localhost:3000/typo/css/style.css" "Mozilla/5.0 (Windows NT 10.0; Win64; x64) AppleWebKit/537.36 (KHTML, like Gecko) Chrome/76.0.3809.100 Safari/537.36"
::1 - - [16/Aug/2019:12:38:33 +0000] "GET /typo/fonts/Lora-Regular.ttf HTTP/1.1" 304 - "http://localhost:3000/typo/css/style.css" "Mozilla/5.0 (Windows NT 10.0; Win64; x64) AppleWebKit/537.36 (KHTML, like Gecko) Chrome/76.0.3809.100 Safari/537.36"
::1 - - [16/Aug/2019:12:38:33 +0000] "GET /typo/fonts/BreeSerif-Regular.ttf HTTP/1.1" 304 - "http://localhost:3000/typo/css/style.css" "Mozilla/5.0 (Windows NT 10.0; Win64; x64) AppleWebKit/537.36 (KHTML, like Gecko) Chrome/76.0.3809.100 Safari/537.36"
::1 - - [16/Aug/2019:12:38:33 +0000] "GET /typo/css/bootstrap.css.map HTTP/1.1" 200 - "-" "Mozilla/5.0 (Windows NT 10.0; Win64; x64) AppleWebKit/537.36 (KHTML, like Gecko) Chrome/76.0.3809.100 Safari/537.36"
::1 - - [16/Aug/2019:12:38:34 +0000] "GET /favicon.ico HTTP/1.1" 304 - "http://localhost:3000/typo/?page=1" "Mozilla/5.0 (Windows NT 10.0; Win64; x64) AppleWebKit/537.36 (KHTML, like Gecko) Chrome/76.0.3809.100 Safari/537.36"
::1 - - [16/Aug/2019:12:38:34 +0000] "GET /typo/images/cart-3.png HTTP/1.1" 304 - "http://localhost:3000/typo/css/style.css" "Mozilla/5.0 (Windows NT 10.0; Win64; x64) AppleWebKit/537.36 (KHTML, like Gecko) Chrome/76.0.3809.100 Safari/537.36"
::1 - - [16/Aug/2019:12:40:58 +0000] "GET /contact HTTP/1.1" 304 - "http://localhost:3000/typo/?page=1" "Mozilla/5.0 (Windows NT 10.0; Win64; x64) AppleWebKit/537.36 (KHTML, like Gecko) Chrome/76.0.3809.100 Safari/537.36"
::1 - - [16/Aug/2019:12:40:58 +0000] "GET /css/bootstrap.css HTTP/1.1" 304 - "http://localhost:3000/contact" "Mozilla/5.0 (Windows NT 10.0; Win64; x64) AppleWebKit/537.36 (KHTML, like Gecko) Chrome/76.0.3809.100 Safari/537.36"
::1 - - [16/Aug/2019:12:40:58 +0000] "GET /js/jquery-1.11.0.min.js HTTP/1.1" 304 - "http://localhost:3000/contact" "Mozilla/5.0 (Windows NT 10.0; Win64; x64) AppleWebKit/537.36 (KHTML, like Gecko) Chrome/76.0.3809.100 Safari/537.36"
::1 - - [16/Aug/2019:12:40:58 +0000] "GET /css/style.css HTTP/1.1" 304 - "http://localhost:3000/contact" "Mozilla/5.0 (Windows NT 10.0; Win64; x64) AppleWebKit/537.36 (KHTML, like Gecko) Chrome/76.0.3809.100 Safari/537.36"
::1 - - [16/Aug/2019:12:40:58 +0000] "GET /js/simpleCart.min.js HTTP/1.1" 304 - "http://localhost:3000/contact" "Mozilla/5.0 (Windows NT 10.0; Win64; x64) AppleWebKit/537.36 (KHTML, like Gecko) Chrome/76.0.3809.100 Safari/537.36"
::1 - - [16/Aug/2019:12:40:58 +0000] "GET /css/memenu.css HTTP/1.1" 304 - "http://localhost:3000/contact" "Mozilla/5.0 (Windows NT 10.0; Win64; x64) AppleWebKit/537.36 (KHTML, like Gecko) Chrome/76.0.3809.100 Safari/537.36"
::1 - - [16/Aug/2019:12:40:58 +0000] "GET /js/memenu.js HTTP/1.1" 304 - "http://localhost:3000/contact" "Mozilla/5.0 (Windows NT 10.0; Win64; x64) AppleWebKit/537.36 (KHTML, like Gecko) Chrome/76.0.3809.100 Safari/537.36"
::1 - - [16/Aug/2019:12:40:58 +0000] "GET /js/jquery.easydropdown.js HTTP/1.1" 304 - "http://localhost:3000/contact" "Mozilla/5.0 (Windows NT 10.0; Win64; x64) AppleWebKit/537.36 (KHTML, like Gecko) Chrome/76.0.3809.100 Safari/537.36"
::1 - - [16/Aug/2019:12:40:58 +0000] "GET /images/cart-1.png HTTP/1.1" 304 - "http://localhost:3000/contact" "Mozilla/5.0 (Windows NT 10.0; Win64; x64) AppleWebKit/537.36 (KHTML, like Gecko) Chrome/76.0.3809.100 Safari/537.36"
::1 - - [16/Aug/2019:12:40:58 +0000] "GET /images/s-icons.png HTTP/1.1" 304 - "http://localhost:3000/css/style.css" "Mozilla/5.0 (Windows NT 10.0; Win64; x64) AppleWebKit/537.36 (KHTML, like Gecko) Chrome/76.0.3809.100 Safari/537.36"
::1 - - [16/Aug/2019:12:40:58 +0000] "GET /fonts/Lato-Regular.ttf HTTP/1.1" 304 - "http://localhost:3000/css/style.css" "Mozilla/5.0 (Windows NT 10.0; Win64; x64) AppleWebKit/537.36 (KHTML, like Gecko) Chrome/76.0.3809.100 Safari/537.36"
::1 - - [16/Aug/2019:12:40:58 +0000] "GET /fonts/BreeSerif-Regular.ttf HTTP/1.1" 304 - "http://localhost:3000/css/style.css" "Mozilla/5.0 (Windows NT 10.0; Win64; x64) AppleWebKit/537.36 (KHTML, like Gecko) Chrome/76.0.3809.100 Safari/537.36"
::1 - - [16/Aug/2019:12:40:58 +0000] "GET /css/bootstrap.css.map HTTP/1.1" 304 - "-" "Mozilla/5.0 (Windows NT 10.0; Win64; x64) AppleWebKit/537.36 (KHTML, like Gecko) Chrome/76.0.3809.100 Safari/537.36"
::1 - - [16/Aug/2019:12:40:59 +0000] "GET /favicon.ico HTTP/1.1" 304 - "http://localhost:3000/contact" "Mozilla/5.0 (Windows NT 10.0; Win64; x64) AppleWebKit/537.36 (KHTML, like Gecko) Chrome/76.0.3809.100 Safari/537.36"
